Using pre-set license
Built from '2020.3/release' branch; Version is '2020.3.2f1 (8fd9074bf66c) revision 9427207'; Using compiler version '192528614'; Build Type 'Release'
OS: 'Windows 10 Pro; OS build 19044.1645; Version 2009; 64bit' Language: 'en' Physical Memory: 16273 MB
BatchMode: 1, IsHumanControllingUs: 0, StartBugReporterOnCrash: 0, Is64bit: 1, IsPro: 0

 COMMAND LINE ARGUMENTS:
C:\Program Files\Unity\Hub\Editor\2020.3.2f1\Editor\Unity.exe
-adb2
-batchMode
-noUpm
-name
AssetImportWorker0
-projectPath
D:/UmarMukhtarNewDrive/TestProjects/F1RacerScreenFlow
-logFile
Logs/AssetImportWorker0.log
-srvPort
53724
Successfully changed project path to: D:/UmarMukhtarNewDrive/TestProjects/F1RacerScreenFlow
D:/UmarMukhtarNewDrive/TestProjects/F1RacerScreenFlow
Using Asset Import Pipeline V2.
Refreshing native plugins compatible for Editor in 36.28 ms, found 0 plugins.
Preloading 0 native plugins for Editor in 0.00 ms.
Initialize engine version: 2020.3.2f1 (8fd9074bf66c)
[Subsystems] Discovering subsystems at path C:/Program Files/Unity/Hub/Editor/2020.3.2f1/Editor/Data/Resources/UnitySubsystems
[Subsystems] Discovering subsystems at path D:/UmarMukhtarNewDrive/TestProjects/F1RacerScreenFlow/Assets
GfxDevice: creating device client; threaded=0
Direct3D:
    Version:  Direct3D 11.0 [level 11.1]
    Renderer: Intel(R) HD Graphics 4600 (ID=0x412)
    Vendor:   
    VRAM:     2048 MB
    Driver:   20.19.15.4326
Initialize mono
Mono path[0] = 'C:/Program Files/Unity/Hub/Editor/2020.3.2f1/Editor/Data/Managed'
Mono path[1] = 'C:/Program Files/Unity/Hub/Editor/2020.3.2f1/Editor/Data/MonoBleedingEdge/lib/mono/unityjit'
Mono config path = 'C:/Program Files/Unity/Hub/Editor/2020.3.2f1/Editor/Data/MonoBleedingEdge/etc'
Using monoOptions --debugger-agent=transport=dt_socket,embedding=1,server=y,suspend=n,address=127.0.0.1:56700
Begin MonoManager ReloadAssembly
Registering precompiled unity dll's ...
Register platform support module: C:/Program Files/Unity/Hub/Editor/2020.3.2f1/Editor/Data/PlaybackEngines/WindowsStandaloneSupport/UnityEditor.WindowsStandalone.Extensions.dll
Registered in 0.167548 seconds.
Native extension for WindowsStandalone target not found
Refreshing native plugins compatible for Editor in 33.89 ms, found 0 plugins.
Preloading 0 native plugins for Editor in 0.00 ms.
Invoked RoslynAnalysisRunner static constructor.
RoslynAnalysisRunner will not be running.
RoslynAnalysisRunner has terminated.
Mono: successfully reloaded assembly
- Completed reload, in  5.920 seconds
Platform modules already initialized, skipping
Registering precompiled user dll's ...
Registered in 0.432345 seconds.
Begin MonoManager ReloadAssembly
Native extension for WindowsStandalone target not found
Refreshing native plugins compatible for Editor in 0.44 ms, found 0 plugins.
Preloading 0 native plugins for Editor in 0.00 ms.
Invoked RoslynAnalysisRunner static constructor.
RoslynAnalysisRunner will not be running.
RoslynAnalysisRunner has terminated.
Mono: successfully reloaded assembly
- Completed reload, in  2.755 seconds
Platform modules already initialized, skipping
========================================================================
Worker process is ready to serve import requests
Launched and connected shader compiler UnityShaderCompiler.exe after 0.08 seconds
Refreshing native plugins compatible for Editor in 0.41 ms, found 0 plugins.
Preloading 0 native plugins for Editor in 0.00 ms.
Unloading 1323 Unused Serialized files (Serialized files now loaded: 0)
System memory in use before: 65.5 MB.
System memory in use after: 65.5 MB.

Unloading 19 unused Assets to reduce memory usage. Loaded Objects now: 1771.
Total: 2.010000 ms (FindLiveObjects: 0.168500 ms CreateObjectMapping: 0.062900 ms MarkObjects: 1.681300 ms  DeleteObjects: 0.096400 ms)

========================================================================
Received Import Request.
  path: Assets/00_Art/UI_By_Jameela/F1_UI/Dialogue_box_generic.png
  artifactKey: Guid(12a01cf68a996cb45b06188577806046) Importer(815301076,1909f56bfc062723c751e8b465ee728b)
Start importing Assets/00_Art/UI_By_Jameela/F1_UI/Dialogue_box_generic.png using Guid(12a01cf68a996cb45b06188577806046) Importer(815301076,1909f56bfc062723c751e8b465ee728b)  -> (artifact id: 'dfa7a6c2b06705451b22874b0d30d873') in 0.136097 seconds
  Import took 0.138980 seconds .

========================================================================
Received Import Request.
  Time since last request: 6026.441201 seconds.
  path: Assets/00_Art/UI_By_Jameela/F1_UI/Garage/Stats_fill_bar_above_50_.png
  artifactKey: Guid(da887b28529197441a9eccd9295ceb28) Importer(815301076,1909f56bfc062723c751e8b465ee728b)
Start importing Assets/00_Art/UI_By_Jameela/F1_UI/Garage/Stats_fill_bar_above_50_.png using Guid(da887b28529197441a9eccd9295ceb28) Importer(815301076,1909f56bfc062723c751e8b465ee728b)  -> (artifact id: 'a628ed121dff527f52ecb6210a778e6a') in 0.049238 seconds
  Import took 0.110180 seconds .

========================================================================
Received Import Request.
  Time since last request: 1.515189 seconds.
  path: Assets/00_Art/UI_By_Jameela/F1_UI/Garage/Stats_fill_bar_above_70_.png
  artifactKey: Guid(9087d97b7ac857040b8f09d0da868afd) Importer(815301076,1909f56bfc062723c751e8b465ee728b)
Start importing Assets/00_Art/UI_By_Jameela/F1_UI/Garage/Stats_fill_bar_above_70_.png using Guid(9087d97b7ac857040b8f09d0da868afd) Importer(815301076,1909f56bfc062723c751e8b465ee728b)  -> (artifact id: '18bb76e142575f7f14658f69b66c4daf') in 0.043363 seconds
  Import took 0.080969 seconds .

========================================================================
Received Import Request.
  Time since last request: 1.378505 seconds.
  path: Assets/00_Art/UI_By_Jameela/F1_UI/Garage/Stats_fill_bar_below_50_.png
  artifactKey: Guid(7a9e057d9c913254a93a32c3ed396a0a) Importer(815301076,1909f56bfc062723c751e8b465ee728b)
Start importing Assets/00_Art/UI_By_Jameela/F1_UI/Garage/Stats_fill_bar_below_50_.png using Guid(7a9e057d9c913254a93a32c3ed396a0a) Importer(815301076,1909f56bfc062723c751e8b465ee728b)  -> (artifact id: '9ec377717ccdbbfaa3de866b5fb2319b') in 0.014487 seconds
  Import took 0.042063 seconds .

========================================================================
Received Import Request.
  Time since last request: 411.780190 seconds.
  path: Assets/00_Art/UI_By_Jameela/F1_UI/Garage/Stats_bg.png
  artifactKey: Guid(155994e799aee504d9fcd935ed74e997) Importer(815301076,1909f56bfc062723c751e8b465ee728b)
Start importing Assets/00_Art/UI_By_Jameela/F1_UI/Garage/Stats_bg.png using Guid(155994e799aee504d9fcd935ed74e997) Importer(815301076,1909f56bfc062723c751e8b465ee728b)  -> (artifact id: '25553d8919d27779626f3bbd4f60061b') in 0.028484 seconds
  Import took 0.044258 seconds .

========================================================================
Received Import Request.
  Time since last request: 109.106136 seconds.
  path: Assets/00_Art/UI_By_Jameela/F1_UI/Garage/XP_bar_grey.png
  artifactKey: Guid(4ee2795115663a04081d7494206eb037) Importer(815301076,1909f56bfc062723c751e8b465ee728b)
Start importing Assets/00_Art/UI_By_Jameela/F1_UI/Garage/XP_bar_grey.png using Guid(4ee2795115663a04081d7494206eb037) Importer(815301076,1909f56bfc062723c751e8b465ee728b)  -> (artifact id: '38a6f03fb21665efae1a45b15f23a376') in 0.010555 seconds
  Import took 0.023561 seconds .

========================================================================
Received Import Request.
  Time since last request: 30.277710 seconds.
  path: Assets/00_Art/UI_By_Jameela/F1_UI/Garage/XP_bar_grey.png
  artifactKey: Guid(4ee2795115663a04081d7494206eb037) Importer(815301076,1909f56bfc062723c751e8b465ee728b)
Start importing Assets/00_Art/UI_By_Jameela/F1_UI/Garage/XP_bar_grey.png using Guid(4ee2795115663a04081d7494206eb037) Importer(815301076,1909f56bfc062723c751e8b465ee728b)  -> (artifact id: '717740bc86d74c2209fabe8aa8d07a1b') in 0.014968 seconds
  Import took 0.033049 seconds .

========================================================================
Received Import Request.
  Time since last request: 2879.743697 seconds.
  path: Assets/00_Art/UI_By_Jameela/F1_UI/Garage/Stats_fill_bar_bg_stats_main_menu.png
  artifactKey: Guid(db9da5abc50f8134cac6af5012a82071) Importer(815301076,1909f56bfc062723c751e8b465ee728b)
Start importing Assets/00_Art/UI_By_Jameela/F1_UI/Garage/Stats_fill_bar_bg_stats_main_menu.png using Guid(db9da5abc50f8134cac6af5012a82071) Importer(815301076,1909f56bfc062723c751e8b465ee728b)  -> (artifact id: '2dfee0ff99161c78b7e346fb1e8a9380') in 0.037194 seconds
  Import took 0.057074 seconds .

========================================================================
Received Import Request.
  Time since last request: 0.114111 seconds.
  path: Assets/00_Art/UI_By_Jameela/F1_UI/Garage/Stats_Panel.png
  artifactKey: Guid(2ac159106f29ec34da333a51cb1cd28f) Importer(815301076,1909f56bfc062723c751e8b465ee728b)
Start importing Assets/00_Art/UI_By_Jameela/F1_UI/Garage/Stats_Panel.png using Guid(2ac159106f29ec34da333a51cb1cd28f) Importer(815301076,1909f56bfc062723c751e8b465ee728b)  -> (artifact id: '665c34e48d8ba1b52e3b69807d87af1c') in 0.053069 seconds
  Import took 0.060064 seconds .

========================================================================
Received Import Request.
  Time since last request: 0.283401 seconds.
  path: Assets/00_Art/UI_By_Jameela/F1_UI/Garage/Xp_fill_bar.png
  artifactKey: Guid(f16cfa22deb4edf44865fc9f7fd8e1bb) Importer(815301076,1909f56bfc062723c751e8b465ee728b)
Start importing Assets/00_Art/UI_By_Jameela/F1_UI/Garage/Xp_fill_bar.png using Guid(f16cfa22deb4edf44865fc9f7fd8e1bb) Importer(815301076,1909f56bfc062723c751e8b465ee728b)  -> (artifact id: 'a1a2ec98026adfd6515dbd6d40c945c5') in 0.021546 seconds
  Import took 0.025998 seconds .

========================================================================
Received Import Request.
  Time since last request: 0.297525 seconds.
  path: Assets/00_Art/UI_By_Jameela/F1_UI/Garage/Xp_fill_bar_bg.png
  artifactKey: Guid(64c3f2327e02e024294b93ec6562b02a) Importer(815301076,1909f56bfc062723c751e8b465ee728b)
Start importing Assets/00_Art/UI_By_Jameela/F1_UI/Garage/Xp_fill_bar_bg.png using Guid(64c3f2327e02e024294b93ec6562b02a) Importer(815301076,1909f56bfc062723c751e8b465ee728b)  -> (artifact id: '0f77f35e00d2361f82dadcef405f1609') in 0.019179 seconds
  Import took 0.040673 seconds .

========================================================================
Received Import Request.
  Time since last request: 0.003512 seconds.
  path: Assets/00_Art/UI_By_Jameela/F1_UI/Garage/Xp_fill_bar_bg.png
  artifactKey: Guid(64c3f2327e02e024294b93ec6562b02a) Importer(815301076,1909f56bfc062723c751e8b465ee728b)
Start importing Assets/00_Art/UI_By_Jameela/F1_UI/Garage/Xp_fill_bar_bg.png using Guid(64c3f2327e02e024294b93ec6562b02a) Importer(815301076,1909f56bfc062723c751e8b465ee728b)  -> (artifact id: '0f77f35e00d2361f82dadcef405f1609') in 0.022431 seconds
  Import took 0.030120 seconds .

========================================================================
Received Import Request.
  Time since last request: 0.113211 seconds.
  path: Assets/00_Art/UI_By_Jameela/F1_UI/Loading
  artifactKey: Guid(c00357dec6d7069429e0e4a20eabe4b1) Importer(815301076,1909f56bfc062723c751e8b465ee728b)
Start importing Assets/00_Art/UI_By_Jameela/F1_UI/Loading using Guid(c00357dec6d7069429e0e4a20eabe4b1) Importer(815301076,1909f56bfc062723c751e8b465ee728b)  -> (artifact id: '71fb8f4399769a56d820fef2458f699c') in 0.007071 seconds
  Import took 0.012486 seconds .

========================================================================
Received Import Request.
  Time since last request: 3.834278 seconds.
  path: Assets/00_Art/UI_By_Jameela/F1_UI/Garage
  artifactKey: Guid(98e235976b0bf4a47bc0887c6465b18c) Importer(815301076,1909f56bfc062723c751e8b465ee728b)
Start importing Assets/00_Art/UI_By_Jameela/F1_UI/Garage using Guid(98e235976b0bf4a47bc0887c6465b18c) Importer(815301076,1909f56bfc062723c751e8b465ee728b)  -> (artifact id: 'ac29be9d24dd993f464d86b9041f78ea') in 0.014731 seconds
  Import took 0.033738 seconds .

========================================================================
Received Import Request.
  Time since last request: 0.750311 seconds.
  path: Assets/00_Art/UI_By_Jameela/F1_UI/Edit-profile
  artifactKey: Guid(17a47b7dc33c3304d8deb2a83c1c613b) Importer(815301076,1909f56bfc062723c751e8b465ee728b)
Start importing Assets/00_Art/UI_By_Jameela/F1_UI/Edit-profile using Guid(17a47b7dc33c3304d8deb2a83c1c613b) Importer(815301076,1909f56bfc062723c751e8b465ee728b)  -> (artifact id: '7b6a5d9a250853b14b99921e001f8646') in 0.011092 seconds
  Import took 0.019406 seconds .

========================================================================
Received Import Request.
  Time since last request: 1.042732 seconds.
  path: Assets/00_Art/UI_By_Jameela/F1_UI/Edit-profile/Font
  artifactKey: Guid(dfdcd9df65865864da316a238a355a73) Importer(815301076,1909f56bfc062723c751e8b465ee728b)
Start importing Assets/00_Art/UI_By_Jameela/F1_UI/Edit-profile/Font using Guid(dfdcd9df65865864da316a238a355a73) Importer(815301076,1909f56bfc062723c751e8b465ee728b)  -> (artifact id: 'e4b16c5237204f5440c22bc6be98424e') in 0.011240 seconds
  Import took 0.025965 seconds .

========================================================================
Received Import Request.
  Time since last request: 2.347565 seconds.
  path: Assets/00_Art/UI_By_Jameela/F1_UI/Edit-profile/submit.png
  artifactKey: Guid(dd4dca7a502d3c64c9e0ebc8bc37095c) Importer(815301076,1909f56bfc062723c751e8b465ee728b)
Start importing Assets/00_Art/UI_By_Jameela/F1_UI/Edit-profile/submit.png using Guid(dd4dca7a502d3c64c9e0ebc8bc37095c) Importer(815301076,1909f56bfc062723c751e8b465ee728b)  -> (artifact id: '2a6584a7556695b6097d7b98731c7813') in 0.036976 seconds
  Import took 0.047174 seconds .

========================================================================
Received Import Request.
  Time since last request: 0.196787 seconds.
  path: Assets/00_Art/UI_By_Jameela/F1_UI/Edit-profile/submit_without_text.png
  artifactKey: Guid(443c3a35eef74814b888bb143fd51e7a) Importer(815301076,1909f56bfc062723c751e8b465ee728b)
Start importing Assets/00_Art/UI_By_Jameela/F1_UI/Edit-profile/submit_without_text.png using Guid(443c3a35eef74814b888bb143fd51e7a) Importer(815301076,1909f56bfc062723c751e8b465ee728b)  -> (artifact id: 'b30734f0aad37e2f519126f164566cc5') in 0.028618 seconds
  Import took 0.059418 seconds .

AssetImportWorkerClient::OnTransportError - code=2 error=End of file
